{
  "RSpec": {
    "coverage": {
      "/Users/Student/projects/course/bookmark_manager/bookmark_v_s/lib/app.rb": [
        1,
        1,
        1,
        null,
        1,
        1,
        1,
        1,
        null,
        null,
        1,
        2,
        2,
        2,
        null,
        null,
        1,
        1,
        null,
        null,
        1,
        1,
        1,
        null,
        null,
        1,
        null
      ],
      "/Users/Student/projects/course/bookmark_manager/bookmark_v_s/lib/bookmark.rb": [
        1,
        1,
        1,
        null,
        1,
        24,
        24,
        24,
        null,
        null,
        null,
        1,
        3,
        3,
        null,
        0,
        null,
        3,
        3,
        16,
        null,
        null,
        null,
        1,
        8,
        8,
        8,
        null,
        0,
        null,
        8,
        8,
        null,
        null,
        1,
        null,
        1,
        8,
        null,
        null
      ],
      "/Users/Student/projects/course/bookmark_manager/bookmark_v_s/spec/bookmark_spec.rb": [
        1,
        1,
        1,
        1,
        1,
        1,
        null,
        null,
        1,
        1,
        1,
        null,
        1,
        null,
        1,
        1,
        1,
        1,
        1,
        null,
        null,
        null,
        1,
        1,
        1,
        1,
        null,
        1,
        1,
        1,
        1,
        null,
        null,
        null
      ],
      "/Users/Student/projects/course/bookmark_manager/bookmark_v_s/spec/database_helpers.rb": [
        1,
        null,
        1,
        1,
        null,
        1,
        1,
        null
      ],
      "/Users/Student/projects/course/bookmark_manager/bookmark_v_s/spec/features/creating_bookmarks_spec.rb": [
        1,
        1,
        1,
        1,
        1,
        1,
        null,
        1,
        null,
        null
      ],
      "/Users/Student/projects/course/bookmark_manager/bookmark_v_s/spec/features/viewing_bookmarks_spec.rb": [
        1,
        1,
        1,
        1,
        1,
        null,
        null,
        null,
        1,
        1,
        null,
        null,
        null,
        1,
        1,
        1,
        null,
        1,
        null,
        1,
        1,
        1,
        null,
        null
      ]
    },
    "timestamp": 1571758658
  }
}
